파일 변경 감지 시작... (Ctrl+C로 중지)
[main 6087c15] chore: 자동 커밋 - 2026-02-07 15:46:34 - .auto-commit.pid,auto-commit.log
 Committer: ohno <ohno@ohnoui-MacBookAir.local>
Your name and email address were configured automatically based
on your username and hostname. Please check that they are accurate.
You can suppress this message by setting them explicitly. Run the
following command and follow the instructions in your editor to edit
your configuration file:

    git config --global --edit

After doing this, you may fix the identity used for this commit with:

    git commit --amend --reset-author

 2 files changed, 2 insertions(+)
 create mode 100644 .auto-commit.pid
 create mode 100644 auto-commit.log
[15:46:34] 자동 커밋 완료: chore: 자동 커밋 - 2026-02-07 15:46:34 - .auto-commit.pid,auto-commit.log
[main 830825e] chore: 자동 커밋 - 2026-02-07 15:46:40 - auto-commit.log
 Committer: ohno <ohno@ohnoui-MacBookAir.local>
Your name and email address were configured automatically based
on your username and hostname. Please check that they are accurate.
You can suppress this message by setting them explicitly. Run the
following command and follow the instructions in your editor to edit
your configuration file:

    git config --global --edit

After doing this, you may fix the identity used for this commit with:

    git commit --amend --reset-author

 1 file changed, 18 insertions(+)
[15:46:40] 자동 커밋 완료: chore: 자동 커밋 - 2026-02-07 15:46:40 - auto-commit.log
[main ffd6a32] chore: 자동 커밋 - 2026-02-08 20:51:46 - trim-app/src/components/BrainIcon.tsx
 Committer: ohno <ohno@ohnoui-MacBookAir.local>
Your name and email address were configured automatically based
on your username and hostname. Please check that they are accurate.
You can suppress this message by setting them explicitly. Run the
following command and follow the instructions in your editor to edit
your configuration file:

    git config --global --edit

After doing this, you may fix the identity used for this commit with:

    git commit --amend --reset-author

 1 file changed, 55 insertions(+)
 create mode 100644 trim-app/src/components/BrainIcon.tsx
[20:51:46] 자동 커밋 완료: chore: 자동 커밋 - 2026-02-08 20:51:46 - trim-app/src/components/BrainIcon.tsx
[main 1713221] chore: 자동 커밋 - 2026-02-08 20:51:52 - auto-commit.log
 Committer: ohno <ohno@ohnoui-MacBookAir.local>
Your name and email address were configured automatically based
on your username and hostname. Please check that they are accurate.
You can suppress this message by setting them explicitly. Run the
following command and follow the instructions in your editor to edit
your configuration file:

    git config --global --edit

After doing this, you may fix the identity used for this commit with:

    git commit --amend --reset-author

 1 file changed, 17 insertions(+)
[20:51:52] 자동 커밋 완료: chore: 자동 커밋 - 2026-02-08 20:51:52 - auto-commit.log
[main 9ed797d] chore: 자동 커밋 - 2026-02-08 20:51:58 - auto-commit.log,trim-app/src/components/DecisionDetail.tsx
 Committer: ohno <ohno@ohnoui-MacBookAir.local>
Your name and email address were configured automatically based
on your username and hostname. Please check that they are accurate.
You can suppress this message by setting them explicitly. Run the
following command and follow the instructions in your editor to edit
your configuration file:

    git config --global --edit

After doing this, you may fix the identity used for this commit with:

    git commit --amend --reset-author

 2 files changed, 21 insertions(+), 1 deletion(-)
[20:51:58] 자동 커밋 완료: chore: 자동 커밋 - 2026-02-08 20:51:58 - auto-commit.log,trim-app/src/components/DecisionDetail.tsx
[main a8f49e0] chore: 자동 커밋 - 2026-02-08 20:52:04 - auto-commit.log
 Committer: ohno <ohno@ohnoui-MacBookAir.local>
Your name and email address were configured automatically based
on your username and hostname. Please check that they are accurate.
You can suppress this message by setting them explicitly. Run the
following command and follow the instructions in your editor to edit
your configuration file:

    git config --global --edit

After doing this, you may fix the identity used for this commit with:

    git commit --amend --reset-author

 1 file changed, 16 insertions(+)
[20:52:04] 자동 커밋 완료: chore: 자동 커밋 - 2026-02-08 20:52:04 - auto-commit.log
